#
# There is insufficient memory for the Java Runtime Environment to continue.
# Native memory allocation (malloc) failed to allocate 1038416 bytes for Chunk::new
# Possible reasons:
#   The system is out of physical RAM or swap space
#   The process is running with CompressedOops enabled, and the Java Heap may be blocking the growth of the native heap
# Possible solutions:
#   Reduce memory load on the system
#   Increase physical memory or swap space
#   Check if swap backing store is full
#   Decrease Java heap size (-Xmx/-Xms)
#   Decrease number of Java threads
#   Decrease Java thread stack sizes (-Xss)
#   Set larger code cache with -XX:ReservedCodeCacheSize=
#   JVM is running with Unscaled Compressed Oops mode in which the Java heap is
#     placed in the first 4GB address space. The Java Heap base address is the
#     maximum limit for the native heap growth. Please use -XX:HeapBaseMinAddress
#     to set the Java Heap base and to place the Java Heap above 4GB virtual address.
# This output file may be truncated or incomplete.
#
#  Out of Memory Error (./src/hotspot/share/memory/arena.cpp:197), pid=128, tid=13652
#
# JRE version: OpenJDK Runtime Environment JBR-11.0.9.11-944.49-jcef (11.0.9+11) (build 11.0.9+11-b944.49)
# Java VM: OpenJDK 64-Bit Server VM JBR-11.0.9.11-944.49-jcef (11.0.9+11-b944.49, mixed mode, tiered, compressed oops, g1 gc, windows-amd64)
# No core dump will be written. Minidumps are not enabled by default on client versions of Windows
#

---------------  S U M M A R Y ------------

Command Line: C:\Users\dhira\AppData\Roaming\JetBrains\IdeaIC2020.2\plugins\idea-spring-tools\lib\server\language-server.jar

Host: Intel(R) Core(TM) i5-8265U CPU @ 1.60GHz, 8 cores, 7G,  Windows 10 , 64 bit Build 18362 (10.0.18362.1316)
Time: Wed Feb 10 21:13:41 2021 India Standard Time elapsed time: 11.694467 seconds (0d 0h 0m 11s)

---------------  T H R E A D  ---------------

Current thread (0x0000022343ec6000):  JavaThread "C2 CompilerThread1" daemon [_thread_in_native, id=13652, stack(0x00000051f6500000,0x00000051f6600000)]


Current CompileTask:
C2:  11694 3778       4       java.util.TreeMap::put (247 bytes)

Stack: [0x00000051f6500000,0x00000051f6600000]
Native frames: (J=compiled Java code, j=interpreted, Vv=VM code, C=native code)
V  [jvm.dll+0x5ed32a]
V  [jvm.dll+0x722655]
V  [jvm.dll+0x723bad]
V  [jvm.dll+0x724263]
V  [jvm.dll+0x242cc8]
V  [jvm.dll+0xbc01c]
V  [jvm.dll+0xbc51c]
V  [jvm.dll+0x3531bb]
V  [jvm.dll+0x320f73]
V  [jvm.dll+0x32046a]
V  [jvm.dll+0x1fbc92]
V  [jvm.dll+0x1fae64]
V  [jvm.dll+0x18377c]
V  [jvm.dll+0x2095a7]
V  [jvm.dll+0x207df1]
V  [jvm.dll+0x6eb0af]
V  [jvm.dll+0x6e3c55]
V  [jvm.dll+0x5ec2c6]
C  [ucrtbase.dll+0x210b2]
C  [KERNEL32.DLL+0x17c24]
C  [ntdll.dll+0x6d4d1]


---------------  P R O C E S S  ---------------

Threads class SMR info:
_java_thread_list=0x00000223439a3950, length=25, elements={
0x0000022342d51800, 0x0000022342d5f800, 0x0000022342da8000, 0x0000022342daa000,
0x0000022342dab800, 0x0000022342db3800, 0x000002234251d800, 0x0000022342f05800,
0x0000022342f06800, 0x0000022343c49800, 0x0000022344f56800, 0x00000223444cb800,
0x0000022343490800, 0x000002234379d800, 0x0000022346a3a800, 0x0000022344650000,
0x00000223430bd800, 0x0000022342f15800, 0x0000022327c40000, 0x0000022343cf1800,
0x0000022342f4d000, 0x000002234444d000, 0x0000022343ec3800, 0x0000022343ec2800,
0x0000022343ec6000
}

Java Threads: ( => current thread )
  0x0000022342d51800 JavaThread "Reference Handler" daemon [_thread_blocked, id=9648, stack(0x00000051f4f00000,0x00000051f5000000)]
  0x0000022342d5f800 JavaThread "Finalizer" daemon [_thread_blocked, id=12920, stack(0x00000051f5000000,0x00000051f5100000)]
  0x0000022342da8000 JavaThread "Signal Dispatcher" daemon [_thread_blocked, id=14180, stack(0x00000051f5100000,0x00000051f5200000)]
  0x0000022342daa000 JavaThread "Attach Listener" daemon [_thread_blocked, id=14152, stack(0x00000051f5200000,0x00000051f5300000)]
  0x0000022342dab800 JavaThread "C2 CompilerThread0" daemon [_thread_in_native, id=2748, stack(0x00000051f5300000,0x00000051f5400000)]
  0x0000022342db3800 JavaThread "C1 CompilerThread0" daemon [_thread_blocked, id=12948, stack(0x00000051f5400000,0x00000051f5500000)]
  0x000002234251d800 JavaThread "Sweeper thread" daemon [_thread_blocked, id=3880, stack(0x00000051f5500000,0x00000051f5600000)]
  0x0000022342f05800 JavaThread "Service Thread" daemon [_thread_blocked, id=12692, stack(0x00000051f5600000,0x00000051f5700000)]
  0x0000022342f06800 JavaThread "Common-Cleaner" daemon [_thread_blocked, id=14076, stack(0x00000051f5800000,0x00000051f5900000)]
  0x0000022343c49800 JavaThread "ForkJoinPool.commonPool-worker-3" daemon [_thread_blocked, id=11552, stack(0x00000051f5a00000,0x00000051f5b00000)]
  0x0000022344f56800 JavaThread "ForkJoinPool.commonPool-worker-5" daemon [_thread_blocked, id=11352, stack(0x00000051f5d00000,0x00000051f5e00000)]
  0x00000223444cb800 JavaThread "ForkJoinPool.commonPool-worker-7" daemon [_thread_blocked, id=4000, stack(0x00000051f5e00000,0x00000051f5f00000)]
  0x0000022343490800 JavaThread "ForkJoinPool.commonPool-worker-9" daemon [_thread_blocked, id=5908, stack(0x00000051f5f00000,0x00000051f6000000)]
  0x000002234379d800 JavaThread "ForkJoinPool.commonPool-worker-11" daemon [_thread_blocked, id=7288, stack(0x00000051f6000000,0x00000051f6100000)]
  0x0000022346a3a800 JavaThread "ForkJoinPool.commonPool-worker-13" daemon [_thread_blocked, id=10296, stack(0x00000051f6100000,0x00000051f6200000)]
  0x0000022344650000 JavaThread "ForkJoinPool.commonPool-worker-15" daemon [_thread_blocked, id=1736, stack(0x00000051f6200000,0x00000051f6300000)]
  0x00000223430bd800 JavaThread "Simple-Language-Server main thread" daemon [_thread_blocked, id=8532, stack(0x00000051f5900000,0x00000051f5a00000)]
  0x0000022342f15800 JavaThread "LanguageServerApp-lifecycle" [_thread_blocked, id=10848, stack(0x00000051f6400000,0x00000051f6500000)]
  0x0000022327c40000 JavaThread "DestroyJavaVM" [_thread_blocked, id=13612, stack(0x00000051f4900000,0x00000051f4a00000)]
  0x0000022343cf1800 JavaThread "pool-4-thread-1" [_thread_in_native, id=14056, stack(0x00000051f6700000,0x00000051f6800000)]
  0x0000022342f4d000 JavaThread "pool-5-thread-1" [_thread_blocked, id=11516, stack(0x00000051f6800000,0x00000051f6900000)]
  0x000002234444d000 JavaThread "parallel-1" daemon [_thread_blocked, id=13436, stack(0x00000051f6900000,0x00000051f6a00000)]
  0x0000022343ec3800 JavaThread "Reconciler-1" daemon [_thread_blocked, id=11468, stack(0x00000051f6b00000,0x00000051f6c00000)]
  0x0000022343ec2800 JavaThread "pool-2-thread-1" [_thread_blocked, id=12004, stack(0x00000051f6c00000,0x00000051f6d00000)]
=>0x0000022343ec6000 JavaThread "C2 CompilerThread1" daemon [_thread_in_native, id=13652, stack(0x00000051f6500000,0x00000051f6600000)]

Other Threads:
  0x0000022342507000 VMThread "VM Thread" [stack: 0x00000051f4e00000,0x00000051f4f00000] [id=7128]
  0x0000022342f1e000 WatcherThread [stack: 0x00000051f5700000,0x00000051f5800000] [id=13700]
  0x0000022327c58800 GCTaskThread "GC Thread#0" [stack: 0x00000051f4800000,0x00000051f4900000] [id=13316]
  0x0000022343f98000 GCTaskThread "GC Thread#1" [stack: 0x00000051f5b00000,0x00000051f5c00000] [id=8036]
  0x0000022343eb6800 GCTaskThread "GC Thread#2" [stack: 0x00000051f5c00000,0x00000051f5d00000] [id=13760]
  0x0000022345360800 GCTaskThread "GC Thread#3" [stack: 0x00000051f6600000,0x00000051f6700000] [id=13732]
  0x0000022344fb8800 GCTaskThread "GC Thread#4" [stack: 0x00000051f6d00000,0x00000051f6e00000] [id=12196]
  0x0000022346e9a800 GCTaskThread "GC Thread#5" [stack: 0x00000051f6e00000,0x00000051f6f00000] [id=3124]
  0x00000223451c3000 GCTaskThread "GC Thread#6" [stack: 0x00000051f6f00000,0x00000051f7000000] [id=7280]
  0x0000022347165000 GCTaskThread "GC Thread#7" [stack: 0x00000051f7000000,0x00000051f7100000] [id=2616]
  0x0000022327c89800 ConcurrentGCThread "G1 Main Marker" [stack: 0x00000051f4a00000,0x00000051f4b00000] [id=6984]
  0x0000022327c8c000 ConcurrentGCThread "G1 Conc#0" [stack: 0x00000051f4b00000,0x00000051f4c00000] [id=11988]
  0x0000022343861800 ConcurrentGCThread "G1 Conc#1" [stack: 0x00000051f6300000,0x00000051f6400000] [id=7864]
  0x0000022342370800 ConcurrentGCThread "G1 Refine#0" [stack: 0x00000051f4c00000,0x00000051f4d00000] [id=11328]
  0x0000022342371000 ConcurrentGCThread "G1 Young RemSet Sampling" [stack: 0x00000051f4d00000,0x00000051f4e00000] [id=11304]

Threads with active compile tasks:
C2 CompilerThread0  11753 3770 % !   4       sun.jvmstat.perfdata.monitor.v2_0.PerfDataBuffer::getNextMonitorEntry @ 553 (961 bytes)
C2 CompilerThread1  11753 3778       4       java.util.TreeMap::put (247 bytes)

VM state:not at safepoint (normal execution)

VM Mutex/Monitor currently owned by a thread: None

Heap address: 0x0000000082400000, size: 2012 MB, Compressed Oops mode: 32-bit
Narrow klass base: 0x0000000000000000, Narrow klass shift: 3
Compressed class space size: 1073741824 Address: 0x0000000100000000

Heap:
 garbage-first heap   total 155648K, used 32403K [0x0000000082400000, 0x0000000100000000)
  region size 1024K, 19 young (19456K), 4 survivors (4096K)
 Metaspace       used 41232K, capacity 42342K, committed 42496K, reserved 1087488K
  class space    used 4656K, capacity 5096K, committed 5120K, reserved 1048576K
Heap Regions: E=young(eden), S=young(survivor), O=old, HS=humongous(starts), HC=humongous(continues), CS=collection set, F=free, A=archive, TAMS=top-at-mark-start (previous, next)
|   0|0x0000000082400000, 0x0000000082500000, 0x0000000082500000|100%| O|  |TAMS 0x0000000082500000, 0x0000000082400000| Untracked 
|   1|0x0000000082500000, 0x0000000082600000, 0x0000000082600000|100%| O|  |TAMS 0x0000000082600000, 0x0000000082500000| Untracked 
|   2|0x0000000082600000, 0x0000000082700000, 0x0000000082700000|100%| O|  |TAMS 0x0000000082700000, 0x0000000082600000| Untracked 
|   3|0x0000000082700000, 0x0000000082800000, 0x0000000082800000|100%| O|  |TAMS 0x0000000082800000, 0x0000000082700000| Untracked 
|   4|0x0000000082800000, 0x0000000082900000, 0x0000000082900000|100%| O|  |TAMS 0x0000000082900000, 0x0000000082800000| Untracked 
|   5|0x0000000082900000, 0x0000000082a00000, 0x0000000082a00000|100%| O|  |TAMS 0x0000000082a00000, 0x0000000082900000| Untracked 
|   6|0x0000000082a00000, 0x0000000082b00000, 0x0000000082b00000|100%| O|  |TAMS 0x0000000082b00000, 0x0000000082a00000| Untracked 
|   7|0x0000000082b00000, 0x0000000082c00000, 0x0000000082c00000|100%| O|  |TAMS 0x0000000082c00000, 0x0000000082b00000| Untracked 
|   8|0x0000000082c00000, 0x0000000082d00000, 0x0000000082d00000|100%| O|  |TAMS 0x0000000082d00000, 0x0000000082c00000| Untracked 
|   9|0x0000000082d00000, 0x0000000082e00000, 0x0000000082e00000|100%| O|  |TAMS 0x0000000082e00000, 0x0000000082d00000| Untracked 
|  10|0x0000000082e00000, 0x0000000082f00000, 0x0000000082f00000|100%| O|  |TAMS 0x0000000082f00000, 0x0000000082e00000| Untracked 
|  11|0x0000000082f00000, 0x0000000083000000, 0x0000000083000000|100%| O|  |TAMS 0x0000000083000000, 0x0000000082f00000| Untracked 
|  12|0x0000000083000000, 0x0000000083100000, 0x0000000083100000|100%| O|  |TAMS 0x0000000083100000, 0x0000000083000000| Untracked 
|  13|0x0000000083100000, 0x0000000083200000, 0x0000000083200000|100%| O|  |TAMS 0x0000000083200000, 0x0000000083100000| Untracked 
|  14|0x0000000083200000, 0x0000000083300000, 0x0000000083300000|100%| O|  |TAMS 0x0000000083300000, 0x0000000083200000| Untracked 
|  15|0x0000000083300000, 0x0000000083325c00, 0x0000000083400000| 14%| O|  |TAMS 0x0000000083325c00, 0x0000000083300000| Untracked 
|  16|0x0000000083400000, 0x0000000083400000, 0x0000000083500000|  0%| F|  |TAMS 0x0000000083400000, 0x0000000083400000| Untracked 
|  17|0x0000000083500000, 0x0000000083500000, 0x0000000083600000|  0%| F|  |TAMS 0x0000000083500000, 0x0000000083500000| Untracked 
|  18|0x0000000083600000, 0x0000000083600000, 0x0000000083700000|  0%| F|  |TAMS 0x0000000083600000, 0x0000000083600000| Untracked 
|  19|0x0000000083700000, 0x0000000083700000, 0x0000000083800000|  0%| F|  |TAMS 0x0000000083700000, 0x0000000083700000| Untracked 
|  20|0x0000000083800000, 0x0000000083800000, 0x0000000083900000|  0%| F|  |TAMS 0x0000000083800000, 0x0000000083800000| Untracked 
|  21|0x0000000083900000, 0x0000000083900000, 0x0000000083a00000|  0%| F|  |TAMS 0x0000000083900000, 0x0000000083900000| Untracked 
|  22|0x0000000083a00000, 0x0000000083a00000, 0x0000000083b00000|  0%| F|  |TAMS 0x0000000083a00000, 0x0000000083a00000| Untracked 
|  23|0x0000000083b00000, 0x0000000083b00000, 0x0000000083c00000|  0%| F|  |TAMS 0x0000000083b00000, 0x0000000083b00000| Untracked 
|  24|0x0000000083c00000, 0x0000000083c00000, 0x0000000083d00000|  0%| F|  |TAMS 0x0000000083c00000, 0x0000000083c00000| Untracked 
|  25|0x0000000083d00000, 0x0000000083d00000, 0x0000000083e00000|  0%| F|  |TAMS 0x0000000083d00000, 0x0000000083d00000| Untracked 
|  26|0x0000000083e00000, 0x0000000083e00000, 0x0000000083f00000|  0%| F|  |TAMS 0x0000000083e00000, 0x0000000083e00000| Untracked 
|  27|0x0000000083f00000, 0x0000000083f00000, 0x0000000084000000|  0%| F|  |TAMS 0x0000000083f00000, 0x0000000083f00000| Untracked 
|  28|0x0000000084000000, 0x0000000084000000, 0x0000000084100000|  0%| F|  |TAMS 0x0000000084000000, 0x0000000084000000| Untracked 
|  29|0x0000000084100000, 0x0000000084100000, 0x0000000084200000|  0%| F|  |TAMS 0x0000000084100000, 0x0000000084100000| Untracked 
|  30|0x0000000084200000, 0x0000000084200000, 0x0000000084300000|  0%| F|  |TAMS 0x0000000084200000, 0x0000000084200000| Untracked 
|  31|0x0000000084300000, 0x0000000084300000, 0x0000000084400000|  0%| F|  |TAMS 0x0000000084300000, 0x0000000084300000| Untracked 
|  32|0x0000000084400000, 0x0000000084400000, 0x0000000084500000|  0%| F|  |TAMS 0x0000000084400000, 0x0000000084400000| Untracked 
|  33|0x0000000084500000, 0x0000000084500000, 0x0000000084600000|  0%| F|  |TAMS 0x0000000084500000, 0x0000000084500000| Untracked 
|  34|0x0000000084600000, 0x0000000084600000, 0x0000000084700000|  0%| F|  |TAMS 0x0000000084600000, 0x0000000084600000| Untracked 
|  35|0x0000000084700000, 0x0000000084700000, 0x0000000084800000|  0%| F|  |TAMS 0x0000000084700000, 0x0000000084700000| Untracked 
|  36|0x0000000084800000, 0x0000000084800000, 0x0000000084900000|  0%| F|  |TAMS 0x0000000084800000, 0x0000000084800000| Untracked 
|  37|0x0000000084900000, 0x0000000084900000, 0x0000000084a00000|  0%| F|  |TAMS 0x0000000084900000, 0x0000000084900000| Untracked 
|  38|0x0000000084a00000, 0x0000000084a00000, 0x0000000084b00000|  0%| F|  |TAMS 0x0000000084a00000, 0x0000000084a00000| Untracked 
|  39|0x0000000084b00000, 0x0000000084b00000, 0x0000000084c00000|  0%| F|  |TAMS 0x0000000084b00000, 0x0000000084b00000| Untracked 
|  40|0x0000000084c00000, 0x0000000084c00000, 0x0000000084d00000|  0%| F|  |TAMS 0x0000000084c00000, 0x0000000084c00000| Untracked 
|  41|0x0000000084d00000, 0x0000000084d00000, 0x0000000084e00000|  0%| F|  |TAMS 0x0000000084d00000, 0x0000000084d00000| Untracked 
|  42|0x0000000084e00000, 0x0000000084e00000, 0x0000000084f00000|  0%| F|  |TAMS 0x0000000084e00000, 0x0000000084e00000| Untracked 
|  43|0x0000000084f00000, 0x0000000084f00000, 0x0000000085000000|  0%| F|  |TAMS 0x0000000084f00000, 0x0000000084f00000| Untracked 
|  44|0x0000000085000000, 0x0000000085000000, 0x0000000085100000|  0%| F|  |TAMS 0x0000000085000000, 0x0000000085000000| Untracked 
|  45|0x0000000085100000, 0x0000000085100000, 0x0000000085200000|  0%| F|  |TAMS 0x0000000085100000, 0x0000000085100000| Untracked 
|  46|0x0000000085200000, 0x0000000085200000, 0x0000000085300000|  0%| F|  |TAMS 0x0000000085200000, 0x0000000085200000| Untracked 
|  47|0x0000000085300000, 0x0000000085300000, 0x0000000085400000|  0%| F|  |TAMS 0x0000000085300000, 0x0000000085300000| Untracked 
|  48|0x0000000085400000, 0x0000000085400000, 0x0000000085500000|  0%| F|  |TAMS 0x0000000085400000, 0x0000000085400000| Untracked 
|  49|0x0000000085500000, 0x0000000085500000, 0x0000000085600000|  0%| F|  |TAMS 0x0000000085500000, 0x0000000085500000| Untracked 
|  50|0x0000000085600000, 0x0000000085600000, 0x0000000085700000|  0%| F|  |TAMS 0x0000000085600000, 0x0000000085600000| Untracked 
|  51|0x0000000085700000, 0x0000000085700000, 0x0000000085800000|  0%| F|  |TAMS 0x0000000085700000, 0x0000000085700000| Untracked 
|  52|0x0000000085800000, 0x0000000085800000, 0x0000000085900000|  0%| F|  |TAMS 0x0000000085800000, 0x0000000085800000| Untracked 
|  53|0x0000000085900000, 0x0000000085900000, 0x0000000085a00000|  0%| F|  |TAMS 0x0000000085900000, 0x0000000085900000| Untracked 
|  54|0x0000000085a00000, 0x0000000085a00000, 0x0000000085b00000|  0%| F|  |TAMS 0x0000000085a00000, 0x0000000085a00000| Untracked 
|  55|0x0000000085b00000, 0x0000000085b00000, 0x0000000085c00000|  0%| F|  |TAMS 0x0000000085b00000, 0x0000000085b00000| Untracked 
|  56|0x0000000085c00000, 0x0000000085c00000, 0x0000000085d00000|  0%| F|  |TAMS 0x0000000085c00000, 0x0000000085c00000| Untracked 
|  57|0x0000000085d00000, 0x0000000085d00000, 0x0000000085e00000|  0%| F|  |TAMS 0x0000000085d00000, 0x0000000085d00000| Untracked 
|  58|0x0000000085e00000, 0x0000000085e00000, 0x0000000085f00000|  0%| F|  |TAMS 0x0000000085e00000, 0x0000000085e00000| Untracked 
|  59|0x0000000085f00000, 0x0000000085f00000, 0x0000000086000000|  0%| F|  |TAMS 0x0000000085f00000, 0x0000000085f00000| Untracked 
|  60|0x0000000086000000, 0x0000000086000000, 0x0000000086100000|  0%| F|  |TAMS 0x0000000086000000, 0x0000000086000000| Untracked 
|  61|0x0000000086100000, 0x0000000086100000, 0x0000000086200000|  0%| F|  |TAMS 0x0000000086100000, 0x0000000086100000| Untracked 
|  62|0x0000000086200000, 0x0000000086200000, 0x0000000086300000|  0%| F|  |TAMS 0x0000000086200000, 0x0000000086200000| Untracked 
|  63|0x0000000086300000, 0x0000000086300000, 0x0000000086400000|  0%| F|  |TAMS 0x0000000086300000, 0x0000000086300000| Untracked 
|  64|0x0000000086400000, 0x0000000086400000, 0x0000000086500000|  0%| F|  |TAMS 0x0000000086400000, 0x0000000086400000| Untracked 
|  65|0x0000000086500000, 0x0000000086500000, 0x0000000086600000|  0%| F|  |TAMS 0x0000000086500000, 0x0000000086500000| Untracked 
|  66|0x0000000086600000, 0x0000000086600000, 0x0000000086700000|  0%| F|  |TAMS 0x0000000086600000, 0x0000000086600000| Untracked 
|  67|0x0000000086700000, 0x0000000086700000, 0x0000000086800000|  0%| F|  |TAMS 0x0000000086700000, 0x0000000086700000| Untracked 
|  68|0x0000000086800000, 0x0000000086800000, 0x0000000086900000|  0%| F|  |TAMS 0x0000000086800000, 0x0000000086800000| Untracked 
|  69|0x0000000086900000, 0x0000000086900000, 0x0000000086a00000|  0%| F|  |TAMS 0x0000000086900000, 0x0000000086900000| Untracked 
|  70|0x0000000086a00000, 0x0000000086a00000, 0x0000000086b00000|  0%| F|  |TAMS 0x0000000086a00000, 0x0000000086a00000| Untracked 
|  71|0x0000000086b00000, 0x0000000086b00000, 0x0000000086c00000|  0%| F|  |TAMS 0x0000000086b00000, 0x0000000086b00000| Untracked 
|  72|0x0000000086c00000, 0x0000000086c00000, 0x0000000086d00000|  0%| F|  |TAMS 0x0000000086c00000, 0x0000000086c00000| Untracked 
|  73|0x0000000086d00000, 0x0000000086d00000, 0x0000000086e00000|  0%| F|  |TAMS 0x0000000086d00000, 0x0000000086d00000| Untracked 
|  74|0x0000000086e00000, 0x0000000086e00000, 0x0000000086f00000|  0%| F|  |TAMS 0x0000000086e00000, 0x0000000086e00000| Untracked 
|  75|0x0000000086f00000, 0x0000000086f00000, 0x0000000087000000|  0%| F|  |TAMS 0x0000000086f00000, 0x0000000086f00000| Untracked 
|  76|0x0000000087000000, 0x0000000087000000, 0x0000000087100000|  0%| F|  |TAMS 0x0000000087000000, 0x0000000087000000| Untracked 
|  77|0x0000000087100000, 0x0000000087100000, 0x0000000087200000|  0%| F|  |TAMS 0x0000000087100000, 0x0000000087100000| Untracked 
|  78|0x0000000087200000, 0x0000000087200000, 0x0000000087300000|  0%| F|  |TAMS 0x0000000087200000, 0x0000000087200000| Untracked 
|  79|0x0000000087300000, 0x0000000087300000, 0x0000000087400000|  0%| F|  |TAMS 0x0000000087300000, 0x0000000087300000| Untracked 
|  80|0x0000000087400000, 0x0000000087400000, 0x0000000087500000|  0%| F|  |TAMS 0x0000000087400000, 0x0000000087400000| Untracked 
|  81|0x0000000087500000, 0x0000000087500000, 0x0000000087600000|  0%| F|  |TAMS 0x0000000087500000, 0x0000000087500000| Untracked 
|  82|0x0000000087600000, 0x0000000087600000, 0x0000000087700000|  0%| F|  |TAMS 0x0000000087600000, 0x0000000087600000| Untracked 
|  83|0x0000000087700000, 0x0000000087700000, 0x0000000087800000|  0%| F|  |TAMS 0x0000000087700000, 0x0000000087700000| Untracked 
|  84|0x0000000087800000, 0x0000000087800000, 0x0000000087900000|  0%| F|  |TAMS 0x0000000087800000, 0x0000000087800000| Untracked 
|  85|0x0000000087900000, 0x0000000087900000, 0x0000000087a00000|  0%| F|  |TAMS 0x0000000087900000, 0x0000000087900000| Untracked 
|  86|0x0000000087a00000, 0x0000000087a7f180, 0x0000000087b00000| 49%| S|CS|TAMS 0x0000000087a00000, 0x0000000087a00000| Complete 
|  87|0x0000000087b00000, 0x0000000087c00000, 0x0000000087c00000|100%| S|CS|TAMS 0x0000000087b00000, 0x0000000087b00000| Complete 
|  88|0x0000000087c00000, 0x0000000087d00000, 0x0000000087d00000|100%| S|CS|TAMS 0x0000000087c00000, 0x0000000087c00000| Complete 
|  89|0x0000000087d00000, 0x0000000087e00000, 0x0000000087e00000|100%| S|CS|TAMS 0x0000000087d00000, 0x0000000087d00000| Complete 
|  90|0x0000000087e00000, 0x0000000087e00000, 0x0000000087f00000|  0%| F|  |TAMS 0x0000000087e00000, 0x0000000087e00000| Untracked 
|  91|0x0000000087f00000, 0x0000000087f00000, 0x0000000088000000|  0%| F|  |TAMS 0x0000000087f00000, 0x0000000087f00000| Untracked 
|  92|0x0000000088000000, 0x0000000088000000, 0x0000000088100000|  0%| F|  |TAMS 0x0000000088000000, 0x0000000088000000| Untracked 
|  93|0x0000000088100000, 0x0000000088100000, 0x0000000088200000|  0%| F|  |TAMS 0x0000000088100000, 0x0000000088100000| Untracked 
|  94|0x0000000088200000, 0x0000000088200000, 0x0000000088300000|  0%| F|  |TAMS 0x0000000088200000, 0x0000000088200000| Untracked 
|  95|0x0000000088300000, 0x0000000088300000, 0x0000000088400000|  0%| F|  |TAMS 0x0000000088300000, 0x0000000088300000| Untracked 
|  96|0x0000000088400000, 0x0000000088400000, 0x0000000088500000|  0%| F|  |TAMS 0x0000000088400000, 0x0000000088400000| Untracked 
|  97|0x0000000088500000, 0x0000000088500000, 0x0000000088600000|  0%| F|  |TAMS 0x0000000088500000, 0x0000000088500000| Untracked 
|  98|0x0000000088600000, 0x0000000088600000, 0x0000000088700000|  0%| F|  |TAMS 0x0000000088600000, 0x0000000088600000| Untracked 
|  99|0x0000000088700000, 0x0000000088700000, 0x0000000088800000|  0%| F|  |TAMS 0x0000000088700000, 0x0000000088700000| Untracked 
| 100|0x0000000088800000, 0x0000000088800000, 0x0000000088900000|  0%| F|  |TAMS 0x0000000088800000, 0x0000000088800000| Untracked 
| 101|0x0000000088900000, 0x0000000088900000, 0x0000000088a00000|  0%| F|  |TAMS 0x0000000088900000, 0x0000000088900000| Untracked 
| 102|0x0000000088a00000, 0x0000000088a00000, 0x0000000088b00000|  0%| F|  |TAMS 0x0000000088a00000, 0x0000000088a00000| Untracked 
| 103|0x0000000088b00000, 0x0000000088b00000, 0x0000000088c00000|  0%| F|  |TAMS 0x0000000088b00000, 0x0000000088b00000| Untracked 
| 104|0x0000000088c00000, 0x0000000088c00000, 0x0000000088d00000|  0%| F|  |TAMS 0x0000000088c00000, 0x0000000088c00000| Untracked 
| 105|0x0000000088d00000, 0x0000000088d00000, 0x0000000088e00000|  0%| F|  |TAMS 0x0000000088d00000, 0x0000000088d00000| Untracked 
| 106|0x0000000088e00000, 0x0000000088e00000, 0x0000000088f00000|  0%| F|  |TAMS 0x0000000088e00000, 0x0000000088e00000| Untracked 
| 107|0x0000000088f00000, 0x0000000088f00000, 0x0000000089000000|  0%| F|  |TAMS 0x0000000088f00000, 0x0000000088f00000| Untracked 
| 108|0x0000000089000000, 0x0000000089000000, 0x0000000089100000|  0%| F|  |TAMS 0x0000000089000000, 0x0000000089000000| Untracked 
| 109|0x0000000089100000, 0x0000000089100000, 0x0000000089200000|  0%| F|  |TAMS 0x0000000089100000, 0x0000000089100000| Untracked 
| 110|0x0000000089200000, 0x0000000089200000, 0x0000000089300000|  0%| F|  |TAMS 0x0000000089200000, 0x0000000089200000| Untracked 
| 111|0x0000000089300000, 0x0000000089300000, 0x0000000089400000|  0%| F|  |TAMS 0x0000000089300000, 0x0000000089300000| Untracked 
| 112|0x0000000089400000, 0x0000000089400000, 0x0000000089500000|  0%| F|  |TAMS 0x0000000089400000, 0x0000000089400000| Untracked 
| 113|0x0000000089500000, 0x0000000089500000, 0x0000000089600000|  0%| F|  |TAMS 0x0000000089500000, 0x0000000089500000| Untracked 
| 114|0x0000000089600000, 0x0000000089600000, 0x0000000089700000|  0%| F|  |TAMS 0x0000000089600000, 0x0000000089600000| Untracked 
| 115|0x0000000089700000, 0x0000000089700000, 0x0000000089800000|  0%| F|  |TAMS 0x0000000089700000, 0x0000000089700000| Untracked 
| 116|0x0000000089800000, 0x0000000089800000, 0x0000000089900000|  0%| F|  |TAMS 0x0000000089800000, 0x0000000089800000| Untracked 
| 117|0x0000000089900000, 0x0000000089900000, 0x0000000089a00000|  0%| F|  |TAMS 0x0000000089900000, 0x0000000089900000| Untracked 
| 118|0x0000000089a00000, 0x0000000089a00000, 0x0000000089b00000|  0%| F|  |TAMS 0x0000000089a00000, 0x0000000089a00000| Untracked 
| 119|0x0000000089b00000, 0x0000000089b00000, 0x0000000089c00000|  0%| F|  |TAMS 0x0000000089b00000, 0x0000000089b00000| Untracked 
| 120|0x0000000089c00000, 0x0000000089c00000, 0x0000000089d00000|  0%| F|  |TAMS 0x0000000089c00000, 0x0000000089c00000| Untracked 
| 121|0x0000000089d00000, 0x0000000089d00000, 0x0000000089e00000|  0%| F|  |TAMS 0x0000000089d00000, 0x0000000089d00000| Untracked 
| 122|0x0000000089e00000, 0x0000000089e00000, 0x0000000089f00000|  0%| F|  |TAMS 0x0000000089e00000, 0x0000000089e00000| Untracked 
| 123|0x0000000089f00000, 0x0000000089f00000, 0x000000008a000000|  0%| F|  |TAMS 0x0000000089f00000, 0x0000000089f00000| Untracked 
| 124|0x000000008a000000, 0x000000008a000000, 0x000000008a100000|  0%| F|  |TAMS 0x000000008a000000, 0x000000008a000000| Untracked 
| 125|0x000000008a100000, 0x000000008a100000, 0x000000008a200000|  0%| F|  |TAMS 0x000000008a100000, 0x000000008a100000| Untracked 
| 126|0x000000008a200000, 0x000000008a200000, 0x000000008a300000|  0%| F|  |TAMS 0x000000008a200000, 0x000000008a200000| Untracked 
| 127|0x000000008a300000, 0x000000008a300000, 0x000000008a400000|  0%| F|  |TAMS 0x000000008a300000, 0x000000008a300000| Untracked 
| 128|0x000000008a400000, 0x000000008a400000, 0x000000008a500000|  0%| F|  |TAMS 0x000000008a400000, 0x000000008a400000| Untracked 
| 129|0x000000008a500000, 0x000000008a500000, 0x000000008a600000|  0%| F|  |TAMS 0x000000008a500000, 0x000000008a500000| Untracked 
| 130|0x000000008a600000, 0x000000008a600000, 0x000000008a700000|  0%| F|  |TAMS 0x000000008a600000, 0x000000008a600000| Untracked 
| 131|0x000000008a700000, 0x000000008a700000, 0x000000008a800000|  0%| F|  |TAMS 0x000000008a700000, 0x000000008a700000| Untracked 
| 132|0x000000008a800000, 0x000000008a800000, 0x000000008a900000|  0%| F|  |TAMS 0x000000008a800000, 0x000000008a800000| Untracked 
| 133|0x000000008a900000, 0x000000008a900000, 0x000000008aa00000|  0%| F|  |TAMS 0x000000008a900000, 0x000000008a900000| Untracked 
| 134|0x000000008aa00000, 0x000000008aa00000, 0x000000008ab00000|  0%| F|  |TAMS 0x000000008aa00000, 0x000000008aa00000| Untracked 
| 135|0x000000008ab00000, 0x000000008ab00000, 0x000000008ac00000|  0%| F|  |TAMS 0x000000008ab00000, 0x000000008ab00000| Untracked 
| 136|0x000000008ac00000, 0x000000008ac00000, 0x000000008ad00000|  0%| F|  |TAMS 0x000000008ac00000, 0x000000008ac00000| Untracked 
| 137|0x000000008ad00000, 0x000000008ad8fc00, 0x000000008ae00000| 56%| E|  |TAMS 0x000000008ad00000, 0x000000008ad00000| Complete 
| 138|0x000000008ae00000, 0x000000008af00000, 0x000000008af00000|100%| E|CS|TAMS 0x000000008ae00000, 0x000000008ae00000| Complete 
| 139|0x000000008af00000, 0x000000008b000000, 0x000000008b000000|100%| E|CS|TAMS 0x000000008af00000, 0x000000008af00000| Complete 
| 140|0x000000008b000000, 0x000000008b100000, 0x000000008b100000|100%| E|CS|TAMS 0x000000008b000000, 0x000000008b000000| Complete 
| 141|0x000000008b100000, 0x000000008b200000, 0x000000008b200000|100%| E|CS|TAMS 0x000000008b100000, 0x000000008b100000| Complete 
| 142|0x000000008b200000, 0x000000008b300000, 0x000000008b300000|100%| E|CS|TAMS 0x000000008b200000, 0x000000008b200000| Complete 
| 143|0x000000008b300000, 0x000000008b400000, 0x000000008b400000|100%| E|CS|TAMS 0x000000008b300000, 0x000000008b300000| Complete 
| 144|0x000000008b400000, 0x000000008b500000, 0x000000008b500000|100%| E|CS|TAMS 0x000000008b400000, 0x000000008b400000| Complete 
| 145|0x000000008b500000, 0x000000008b600000, 0x000000008b600000|100%| E|CS|TAMS 0x000000008b500000, 0x000000008b500000| Complete 
| 146|0x000000008b600000, 0x000000008b700000, 0x000000008b700000|100%| E|CS|TAMS 0x000000008b600000, 0x000000008b600000| Complete 
| 147|0x000000008b700000, 0x000000008b800000, 0x000000008b800000|100%| E|  |TAMS 0x000000008b700000, 0x000000008b700000| Complete 
| 148|0x000000008b800000, 0x000000008b900000, 0x000000008b900000|100%| E|CS|TAMS 0x000000008b800000, 0x000000008b800000| Complete 
| 149|0x000000008b900000, 0x000000008ba00000, 0x000000008ba00000|100%| E|CS|TAMS 0x000000008b900000, 0x000000008b900000| Complete 
| 150|0x000000008ba00000, 0x000000008bb00000, 0x000000008bb00000|100%| E|CS|TAMS 0x000000008ba00000, 0x000000008ba00000| Complete 
| 151|0x000000008bb00000, 0x000000008bc00000, 0x000000008bc00000|100%| E|CS|TAMS 0x000000008bb00000, 0x000000008bb00000| Complete 

Card table byte_map: [0x000002233b3d0000,0x000002233b7c0000] _byte_map_base: 0x000002233afbe000

Marking Bits (Prev, Next): (CMBitMap*) 0x0000022327c81040, (CMBitMap*) 0x0000022327c81008
 Prev Bits: [0x000002233db20000, 0x000002233fa90000)
 Next Bits: [0x000002233bbb0000, 0x000002233db20000)

Polling page: 0x00000223261e0000

Metaspace:

Usage:
  Non-class:     36.37 MB capacity,    35.72 MB ( 98%) used,   549.09 KB (  1%) free+waste,   120.81 KB ( <1%) overhead. 
      Class:      4.98 MB capacity,     4.55 MB ( 91%) used,   382.48 KB (  8%) free+waste,    56.94 KB (  1%) overhead. 
       Both:     41.35 MB capacity,    40.27 MB ( 97%) used,   931.57 KB (  2%) free+waste,   177.75 KB ( <1%) overhead. 

Virtual space:
  Non-class space:       38.00 MB reserved,      36.50 MB ( 96%) committed 
      Class space:        1.00 GB reserved,       5.00 MB ( <1%) committed 
             Both:        1.04 GB reserved,      41.50 MB (  4%) committed 

Chunk freelists:
   Non-Class:  2.00 KB
       Class:  0 bytes
        Both:  2.00 KB

MaxMetaspaceSize: 17179869184.00 GB
CompressedClassSpaceSize: 1.00 GB

CodeHeap 'non-profiled nmethods': size=120000Kb used=2034Kb max_used=2034Kb free=117965Kb
 bounds [0x0000022333040000, 0x00000223332b0000, 0x000002233a570000]
CodeHeap 'profiled nmethods': size=120000Kb used=7948Kb max_used=7948Kb free=112052Kb
 bounds [0x000002232bb10000, 0x000002232c2e0000, 0x0000022333040000]
CodeHeap 'non-nmethods': size=5760Kb used=1177Kb max_used=1215Kb free=4582Kb
 bounds [0x000002232b570000, 0x000002232b7e0000, 0x000002232bb10000]
 total_blobs=4310 nmethods=3782 adapters=439
 compilation: enabled
              stopped_count=0, restarted_count=0
 full_count=0

Compilation events (20 events):
Event: 11.582 Thread 0x0000022342db3800 nmethod 3791 0x000002232c2ca910 code [0x000002232c2cab60, 0x000002232c2cb1e8]
Event: 11.583 Thread 0x0000022342db3800 3792       1       java.net.URI::getHost (5 bytes)
Event: 11.583 Thread 0x0000022342db3800 nmethod 3792 0x000002233323c610 code [0x000002233323c7c0, 0x000002233323c878]
Event: 11.583 Thread 0x0000022342db3800 3793       3       jdk.internal.loader.BuiltinClassLoader::checkURL (5 bytes)
Event: 11.584 Thread 0x0000022342db3800 nmethod 3793 0x000002232c2cb590 code [0x000002232c2cb760, 0x000002232c2cb948]
Event: 11.585 Thread 0x0000022342db3800 3796       3       java.net.URI::hash (33 bytes)
Event: 11.586 Thread 0x0000022342db3800 nmethod 3796 0x000002232c2cba10 code [0x000002232c2cbc20, 0x000002232c2cc098]
Event: 11.586 Thread 0x0000022342db3800 3797       3       java.lang.invoke.DirectMethodHandle$Holder::invokeStatic (15 bytes)
Event: 11.587 Thread 0x0000022342db3800 nmethod 3797 0x000002232c2cc290 code [0x000002232c2cc460, 0x000002232c2cc898]
Event: 11.587 Thread 0x0000022342db3800 3798   !   3       java.nio.charset.CharsetDecoder::decode (287 bytes)
Event: 11.590 Thread 0x0000022342db3800 nmethod 3798 0x000002232c2cc990 code [0x000002232c2cccc0, 0x000002232c2ce138]
Event: 11.590 Thread 0x0000022342db3800 3799       2       java.nio.LongBuffer::limit (8 bytes)
Event: 11.591 Thread 0x0000022342db3800 nmethod 3799 0x000002232c2ce810 code [0x000002232c2ce9c0, 0x000002232c2ceae8]
Event: 11.601 Thread 0x0000022343ec6000 3778       4       java.util.TreeMap::put (247 bytes)
Event: 11.634 Thread 0x0000022342db3800 3801       3       java.lang.AbstractStringBuilder::setLength (66 bytes)
Event: 11.635 Thread 0x0000022342db3800 nmethod 3801 0x000002232c2ceb90 code [0x000002232c2ceda0, 0x000002232c2cf2b8]
Event: 11.639 Thread 0x0000022342db3800 3802       3       java.lang.invoke.VarHandleGuards::guard_LLL_Z (70 bytes)
Event: 11.641 Thread 0x0000022342db3800 nmethod 3802 0x000002232c2cf490 code [0x000002232c2cf740, 0x000002232c2d06e8]
Event: 11.641 Thread 0x0000022342db3800 3803       3       java.lang.invoke.VarHandleObjects$FieldInstanceReadWrite::compareAndSet (38 bytes)
Event: 11.642 Thread 0x0000022342db3800 nmethod 3803 0x000002232c2d0c10 code [0x000002232c2d0e80, 0x000002232c2d17e8]

GC Heap History (14 events):
Event: 0.980 GC heap before
{Heap before GC invocations=0 (full 0):
 garbage-first heap   total 129024K, used 23552K [0x0000000082400000, 0x0000000100000000)
  region size 1024K, 24 young (24576K), 0 survivors (0K)
 Metaspace       used 9172K, capacity 9281K, committed 9344K, reserved 1058816K
  class space    used 804K, capacity 838K, committed 896K, reserved 1048576K
}
Event: 0.990 GC heap after
{Heap after GC invocations=1 (full 0):
 garbage-first heap   total 129024K, used 4240K [0x0000000082400000, 0x0000000100000000)
  region size 1024K, 3 young (3072K), 3 survivors (3072K)
 Metaspace       used 9172K, capacity 9281K, committed 9344K, reserved 1058816K
  class space    used 804K, capacity 838K, committed 896K, reserved 1048576K
}
Event: 3.085 GC heap before
{Heap before GC invocations=1 (full 0):
 garbage-first heap   total 129024K, used 77968K [0x0000000082400000, 0x0000000100000000)
  region size 1024K, 75 young (76800K), 3 survivors (3072K)
 Metaspace       used 17279K, capacity 17684K, committed 17920K, reserved 1064960K
  class space    used 1829K, capacity 1972K, committed 2048K, reserved 1048576K
}
Event: 3.101 GC heap after
{Heap after GC invocations=2 (full 0):
 garbage-first heap   total 129024K, used 6830K [0x0000000082400000, 0x0000000100000000)
  region size 1024K, 6 young (6144K), 6 survivors (6144K)
 Metaspace       used 17279K, capacity 17684K, committed 17920K, reserved 1064960K
  class space    used 1829K, capacity 1972K, committed 2048K, reserved 1048576K
}
Event: 3.585 GC heap before
{Heap before GC invocations=2 (full 0):
 garbage-first heap   total 129024K, used 43694K [0x0000000082400000, 0x0000000100000000)
  region size 1024K, 44 young (45056K), 6 survivors (6144K)
 Metaspace       used 20700K, capacity 21142K, committed 21248K, reserved 1069056K
  class space    used 2285K, capacity 2464K, committed 2560K, reserved 1048576K
}
Event: 3.600 GC heap after
{Heap after GC invocations=3 (full 0):
 garbage-first heap   total 129024K, used 7901K [0x0000000082400000, 0x0000000100000000)
  region size 1024K, 4 young (4096K), 4 survivors (4096K)
 Metaspace       used 20700K, capacity 21142K, committed 21248K, reserved 1069056K
  class space    used 2285K, capacity 2464K, committed 2560K, reserved 1048576K
}
Event: 5.871 GC heap before
{Heap before GC invocations=4 (full 0):
 garbage-first heap   total 129024K, used 79581K [0x0000000082400000, 0x0000000100000000)
  region size 1024K, 75 young (76800K), 4 survivors (4096K)
 Metaspace       used 28071K, capacity 28860K, committed 28928K, reserved 1075200K
  class space    used 3278K, capacity 3560K, committed 3584K, reserved 1048576K
}
Event: 5.898 GC heap after
{Heap after GC invocations=5 (full 0):
 garbage-first heap   total 129024K, used 9304K [0x0000000082400000, 0x0000000100000000)
  region size 1024K, 5 young (5120K), 5 survivors (5120K)
 Metaspace       used 28071K, capacity 28860K, committed 28928K, reserved 1075200K
  class space    used 3278K, capacity 3560K, committed 3584K, reserved 1048576K
}
Event: 7.659 GC heap before
{Heap before GC invocations=5 (full 0):
 garbage-first heap   total 129024K, used 79960K [0x0000000082400000, 0x0000000100000000)
  region size 1024K, 75 young (76800K), 5 survivors (5120K)
 Metaspace       used 34726K, capacity 35712K, committed 35840K, reserved 1081344K
  class space    used 4050K, capacity 4445K, committed 4480K, reserved 1048576K
}
Event: 7.684 GC heap after
{Heap after GC invocations=6 (full 0):
 garbage-first heap   total 155648K, used 15227K [0x0000000082400000, 0x0000000100000000)
  region size 1024K, 10 young (10240K), 10 survivors (10240K)
 Metaspace       used 34726K, capacity 35712K, committed 35840K, reserved 1081344K
  class space    used 4050K, capacity 4445K, committed 4480K, reserved 1048576K
}
Event: 7.707 GC heap before
{Heap before GC invocations=6 (full 0):
 garbage-first heap   total 155648K, used 17275K [0x0000000082400000, 0x0000000100000000)
  region size 1024K, 13 young (13312K), 10 survivors (10240K)
 Metaspace       used 34860K, capacity 35864K, committed 36096K, reserved 1081344K
  class space    used 4063K, capacity 4453K, committed 4480K, reserved 1048576K
}
Event: 7.737 GC heap after
{Heap after GC invocations=7 (full 0):
 garbage-first heap   total 155648K, used 16070K [0x0000000082400000, 0x0000000100000000)
  region size 1024K, 7 young (7168K), 7 survivors (7168K)
 Metaspace       used 34860K, capacity 35864K, committed 36096K, reserved 1081344K
  class space    used 4063K, capacity 4453K, committed 4480K, reserved 1048576K
}
Event: 8.721 GC heap before
{Heap before GC invocations=8 (full 0):
 garbage-first heap   total 155648K, used 71366K [0x0000000082400000, 0x0000000100000000)
  region size 1024K, 62 young (63488K), 7 survivors (7168K)
 Metaspace       used 39713K, capacity 40776K, committed 40832K, reserved 1085440K
  class space    used 4505K, capacity 4939K, committed 4992K, reserved 1048576K
}
Event: 8.737 GC heap after
{Heap after GC invocations=9 (full 0):
 garbage-first heap   total 155648K, used 19091K [0x0000000082400000, 0x0000000100000000)
  region size 1024K, 4 young (4096K), 4 survivors (4096K)
 Metaspace       used 39713K, capacity 40776K, committed 40832K, reserved 1085440K
  class space    used 4505K, capacity 4939K, committed 4992K, reserved 1048576K
}

Deoptimization events (20 events):
Event: 9.017 Thread 0x0000022343ec2800 Uncommon trap: trap_request=0xffffffc6 fr.pc=0x000002233320ae50 relative=0x00000000000015f0
Event: 9.017 Thread 0x0000022343ec2800 Uncommon trap: reason=bimorphic_or_optimized_type_check action=maybe_recompile pc=0x000002233320ae50 method=java.util.concurrent.ConcurrentHashMap.putVal(Ljava/lang/Object;Ljava/lang/Object;Z)Ljava/lang/Object; @ 159 c2
Event: 9.017 Thread 0x0000022343ec2800 DEOPT PACKING pc=0x000002233320ae50 sp=0x00000051f6cfe4f0
Event: 9.017 Thread 0x0000022343ec2800 DEOPT UNPACKING pc=0x000002232b5974af sp=0x00000051f6cfe490 mode 2
Event: 9.029 Thread 0x0000022343ec2800 Uncommon trap: trap_request=0xffffffde fr.pc=0x000002233320ce68 relative=0x0000000000000208
Event: 9.029 Thread 0x0000022343ec2800 Uncommon trap: reason=class_check action=maybe_recompile pc=0x000002233320ce68 method=java.util.stream.StreamSpliterators$WrappingSpliterator.lambda$initPartialTraversalState$0()Z @ 8 c2
Event: 9.029 Thread 0x0000022343ec2800 DEOPT PACKING pc=0x000002233320ce68 sp=0x00000051f6cfda70
Event: 9.029 Thread 0x0000022343ec2800 DEOPT UNPACKING pc=0x000002232b5974af sp=0x00000051f6cfd9b0 mode 2
Event: 9.032 Thread 0x0000022343ec2800 Uncommon trap: trap_request=0xffffffde fr.pc=0x000002233320ce68 relative=0x0000000000000208
Event: 9.032 Thread 0x0000022343ec2800 Uncommon trap: reason=class_check action=maybe_recompile pc=0x000002233320ce68 method=java.util.stream.StreamSpliterators$WrappingSpliterator.lambda$initPartialTraversalState$0()Z @ 8 c2
Event: 9.032 Thread 0x0000022343ec2800 DEOPT PACKING pc=0x000002233320ce68 sp=0x00000051f6cfd6c0
Event: 9.032 Thread 0x0000022343ec2800 DEOPT UNPACKING pc=0x000002232b5974af sp=0x00000051f6cfd600 mode 2
Event: 9.033 Thread 0x0000022343ec2800 Uncommon trap: trap_request=0xffffffde fr.pc=0x000002233320ce68 relative=0x0000000000000208
Event: 9.033 Thread 0x0000022343ec2800 Uncommon trap: reason=class_check action=maybe_recompile pc=0x000002233320ce68 method=java.util.stream.StreamSpliterators$WrappingSpliterator.lambda$initPartialTraversalState$0()Z @ 8 c2
Event: 9.033 Thread 0x0000022343ec2800 DEOPT PACKING pc=0x000002233320ce68 sp=0x00000051f6cfd310
Event: 9.033 Thread 0x0000022343ec2800 DEOPT UNPACKING pc=0x000002232b5974af sp=0x00000051f6cfd250 mode 2
Event: 9.033 Thread 0x0000022343ec2800 Uncommon trap: trap_request=0xffffffde fr.pc=0x000002233320ce68 relative=0x0000000000000208
Event: 9.033 Thread 0x0000022343ec2800 Uncommon trap: reason=class_check action=maybe_recompile pc=0x000002233320ce68 method=java.util.stream.StreamSpliterators$WrappingSpliterator.lambda$initPartialTraversalState$0()Z @ 8 c2
Event: 9.033 Thread 0x0000022343ec2800 DEOPT PACKING pc=0x000002233320ce68 sp=0x00000051f6cfcf60
Event: 9.033 Thread 0x0000022343ec2800 DEOPT UNPACKING pc=0x000002232b5974af sp=0x00000051f6cfcea0 mode 2

Classes redefined (0 events):
No events

Internal exceptions (20 events):
Event: 6.390 Thread 0x0000022344f56800 Exception <a 'java/lang/NoSuchMethodError'{0x0000000088d3a3e8}: 'java.lang.Object java.lang.invoke.DirectMethodHandle$Holder.invokeStatic(java.lang.Object, java.lang.Object, java.lang.Object, java.lang.Object, java.lang.Object, java.lang.Object, java.lang.Object, java.lang.Object, java.lang.Object, java.lang.Object, java.lang.Object, int)'> (0x0000000088d3a3e8) thrown at [./src/hotspot/share/interpreter/linkResolver.cpp, line 773]
Event: 6.393 Thread 0x0000022344650000 Exception <a 'java/lang/NoSuchMethodError'{0x0000000088ea3b28}: 'java.lang.Object java.lang.invoke.DirectMethodHandle$Holder.invokeStatic(java.lang.Object, java.lang.Object, java.lang.Object, java.lang.Object, java.lang.Object, java.lang.Object, java.lang.Object, java.lang.Object, java.lang.Object, java.lang.Object, java.lang.Object, int, int)'> (0x0000000088ea3b28) thrown at [./src/hotspot/share/interpreter/linkResolver.cpp, line 773]
Event: 6.396 Thread 0x0000022344650000 Exception <a 'java/lang/NoSuchMethodError'{0x0000000088ec2ac0}: 'java.lang.Object java.lang.invoke.DirectMethodHandle$Holder.invokeStatic(java.lang.Object, java.lang.Object, java.lang.Object, java.lang.Object, java.lang.Object, java.lang.Object, java.lang.Object, java.lang.Object, java.lang.Object, java.lang.Object, java.lang.Object, int, int, java.lang.Object)'> (0x0000000088ec2ac0) thrown at [./src/hotspot/share/interpreter/linkResolver.cpp, line 773]
Event: 6.399 Thread 0x0000022344650000 Exception <a 'java/lang/NoSuchMethodError'{0x0000000088ecea18}: 'java.lang.Object java.lang.invoke.Invokers$Holder.linkToTargetMethod(java.lang.Object, int, java.lang.Object)'> (0x0000000088ecea18) thrown at [./src/hotspot/share/interpreter/linkResolver.cpp, line 773]
Event: 6.399 Thread 0x0000022344f56800 Exception <a 'java/lang/NoSuchMethodError'{0x0000000088d45ed0}: 'java.lang.Object java.lang.invoke.Invokers$Holder.linkToTargetMethod(java.lang.Object, int, java.lang.Object)'> (0x0000000088d45ed0) thrown at [./src/hotspot/share/interpreter/linkResolver.cpp, line 773]
Event: 6.633 Thread 0x00000223430bd800 Exception <a 'java/lang/NoSuchMethodError'{0x0000000088643ba0}: 'int java.lang.invoke.DirectMethodHandle$Holder.invokeStaticInit(java.lang.Object)'> (0x0000000088643ba0) thrown at [./src/hotspot/share/interpreter/linkResolver.cpp, line 773]
Event: 6.715 Thread 0x00000223430bd800 Exception <a 'java/lang/NoSuchMethodError'{0x0000000088485198}: 'java.lang.Object java.lang.invoke.DirectMethodHandle$Holder.invokeStatic(java.lang.Object, java.lang.Object, java.lang.Object, java.lang.Object, java.lang.Object, int, java.lang.Object)'> (0x0000000088485198) thrown at [./src/hotspot/share/interpreter/linkResolver.cpp, line 773]
Event: 6.853 Thread 0x00000223430bd800 Exception <a 'java/lang/NoSuchMethodError'{0x00000000882eb1c0}: 'int java.lang.invoke.DirectMethodHandle$Holder.invokeStatic(java.lang.Object, java.lang.Object, int, java.lang.Object)'> (0x00000000882eb1c0) thrown at [./src/hotspot/share/interpreter/linkResolver.cpp, line 773]
Event: 7.080 Thread 0x00000223430bd800 Exception <a 'java/lang/IllegalArgumentException'{0x00000000876e2a30}> (0x00000000876e2a30) thrown at [./src/hotspot/share/prims/jvm.cpp, line 1309]
Event: 7.092 Thread 0x0000022343ec2800 Exception <a 'java/lang/IllegalArgumentException'{0x000000008756c230}> (0x000000008756c230) thrown at [./src/hotspot/share/prims/jvm.cpp, line 1309]
Event: 7.119 Thread 0x00000223430bd800 Exception <a 'java/lang/IllegalArgumentException'{0x0000000087350ad0}> (0x0000000087350ad0) thrown at [./src/hotspot/share/prims/jvm.cpp, line 1309]
Event: 7.123 Thread 0x0000022343ec2800 Exception <a 'java/lang/IllegalArgumentException'{0x0000000087387f10}> (0x0000000087387f10) thrown at [./src/hotspot/share/prims/jvm.cpp, line 1309]
Event: 7.220 Thread 0x0000022343ec2800 Exception <a 'java/lang/ClassNotFoundException'{0x0000000086d18140}: org/springframework/boot/loader/jar/Handler> (0x0000000086d18140) thrown at [./src/hotspot/share/classfile/systemDictionary.cpp, line 231]
Event: 7.439 Thread 0x0000022343ec2800 Exception <a 'java/lang/IllegalArgumentException'{0x0000000086527f00}> (0x0000000086527f00) thrown at [./src/hotspot/share/prims/jvm.cpp, line 1309]
Event: 8.154 Thread 0x0000022343ec3800 Exception <a 'java/lang/ArrayIndexOutOfBoundsException'{0x0000000089d2bf88}: Index 832 out of bounds for length 832> (0x0000000089d2bf88) thrown at [./src/hotspot/share/interpreter/interpreterRuntime.cpp, line 459]
Event: 8.154 Thread 0x0000022343ec2800 Exception <a 'java/lang/ArrayIndexOutOfBoundsException'{0x0000000089f17640}: Index 1220 out of bounds for length 1220> (0x0000000089f17640) thrown at [./src/hotspot/share/interpreter/interpreterRuntime.cpp, line 459]
Event: 8.182 Thread 0x0000022343ec2800 Exception <a 'java/lang/IncompatibleClassChangeError'{0x0000000089dfade8}: Found class java.lang.Object, but interface was expected> (0x0000000089dfade8) thrown at [./src/hotspot/share/interpreter/linkResolver.cpp, line 839]
Event: 8.182 Thread 0x0000022343ec3800 Exception <a 'java/lang/IncompatibleClassChangeError'{0x0000000089d2d1f0}: Found class java.lang.Object, but interface was expected> (0x0000000089d2d1f0) thrown at [./src/hotspot/share/interpreter/linkResolver.cpp, line 839]
Event: 8.531 Thread 0x0000022343ec2800 Exception <a 'java/lang/ArrayIndexOutOfBoundsException'{0x0000000088694870}> (0x0000000088694870) thrown at [./src/hotspot/share/runtime/sharedRuntime.cpp, line 584]
Event: 8.541 Thread 0x0000022343ec2800 Exception <a 'java/lang/ArrayIndexOutOfBoundsException'{0x000000008855ad08}> (0x000000008855ad08) thrown at [./src/hotspot/share/runtime/sharedRuntime.cpp, line 584]

Events (20 events):
Event: 9.291 loading class jdk/internal/reflect/UnsafeQualifiedLongFieldAccessorImpl done
Event: 9.407 loading class com/google/gson/internal/bind/JsonTreeWriter$1
Event: 9.407 loading class com/google/gson/internal/bind/JsonTreeWriter$1 done
Event: 9.445 Thread 0x0000022343ec0800 Thread exited: 0x0000022343ec0800
Event: 9.445 Thread 0x0000022343ec1000 Thread exited: 0x0000022343ec1000
Event: 9.445 loading class com/google/common/collect/AbstractMapBasedMultimap$AsMap$AsMapEntries
Event: 9.445 loading class com/google/common/collect/AbstractMapBasedMultimap$AsMap$AsMapEntries done
Event: 9.457 loading class com/google/common/collect/Maps$EntrySet
Event: 9.457 loading class com/google/common/collect/Maps$EntrySet done
Event: 9.467 loading class com/google/common/collect/AbstractMapBasedMultimap$AsMap$AsMapIterator
Event: 9.467 loading class com/google/common/collect/AbstractMapBasedMultimap$AsMap$AsMapIterator done
Event: 9.569 loading class java/io/FileOutputStream$1
Event: 9.569 loading class java/io/FileOutputStream$1 done
Event: 9.653 loading class ch/qos/logback/classic/spi/ThrowableProxy
Event: 9.653 loading class ch/qos/logback/classic/spi/ThrowableProxy done
Event: 9.655 loading class ch/qos/logback/classic/spi/ThrowableProxyUtil
Event: 9.655 loading class ch/qos/logback/classic/spi/ThrowableProxyUtil done
Event: 9.656 loading class ch/qos/logback/classic/spi/StackTraceElementProxy
Event: 9.656 loading class ch/qos/logback/classic/spi/StackTraceElementProxy done
Event: 11.573 Thread 0x0000022343ec6000 Thread added: 0x0000022343ec6000


Dynamic libraries:
0x00007ff6bfe30000 - 0x00007ff6bfe3a000 	C:\Program Files\JetBrains\IntelliJ IDEA Community Edition 2020.2.3\jbr\bin\java.exe
0x00007ffec11a0000 - 0x00007ffec1390000 	C:\WINDOWS\SYSTEM32\ntdll.dll
0x00007ffec05d0000 - 0x00007ffec0682000 	C:\WINDOWS\System32\KERNEL32.DLL
0x00007ffebe5c0000 - 0x00007ffebe865000 	C:\WINDOWS\System32\KERNELBASE.dll
0x00007ffebe120000 - 0x00007ffebe21a000 	C:\WINDOWS\System32\ucrtbase.dll
0x00007ffe94ca0000 - 0x00007ffe94cb9000 	C:\Program Files\JetBrains\IntelliJ IDEA Community Edition 2020.2.3\jbr\bin\jli.dll
0x00007ffebf460000 - 0x00007ffebf5f4000 	C:\WINDOWS\System32\USER32.dll
0x00007ffebf220000 - 0x00007ffebf241000 	C:\WINDOWS\System32\win32u.dll
0x00007ffebf6a0000 - 0x00007ffebf6c6000 	C:\WINDOWS\System32\GDI32.dll
0x00007ffebe420000 - 0x00007ffebe5b8000 	C:\WINDOWS\System32\gdi32full.dll
0x00007ffebe220000 - 0x00007ffebe2be000 	C:\WINDOWS\System32\msvcp_win.dll
0x00007ffe86100000 - 0x00007ffe86117000 	C:\Program Files\JetBrains\IntelliJ IDEA Community Edition 2020.2.3\jbr\bin\VCRUNTIME140.dll
0x00007ffea87c0000 - 0x00007ffea8a44000 	C:\WINDOWS\WinSxS\amd64_microsoft.windows.common-controls_6595b64144ccf1df_6.0.18362.1316_none_9e7a364fe461dbd7\COMCTL32.dll
0x00007ffebf600000 - 0x00007ffebf69e000 	C:\WINDOWS\System32\msvcrt.dll
0x00007ffec0d50000 - 0x00007ffec1087000 	C:\WINDOWS\System32\combase.dll
0x00007ffec0400000 - 0x00007ffec051f000 	C:\WINDOWS\System32\RPCRT4.dll
0x00007ffebe2e0000 - 0x00007ffebe361000 	C:\WINDOWS\System32\bcryptPrimitives.dll
0x00007ffec0360000 - 0x00007ffec038e000 	C:\WINDOWS\System32\IMM32.DLL
0x00007ffea0520000 - 0x00007ffea0638000 	C:\Program Files (x86)\Citrix\ICA Client\epclient64.dll
0x00007ffeb2fa0000 - 0x00007ffeb2faa000 	C:\WINDOWS\SYSTEM32\VERSION.dll
0x00007ffebf6d0000 - 0x00007ffebf773000 	C:\WINDOWS\System32\ADVAPI32.dll
0x00007ffec0cb0000 - 0x00007ffec0d47000 	C:\WINDOWS\System32\sechost.dll
0x00007ffebd090000 - 0x00007ffebd0c1000 	C:\WINDOWS\SYSTEM32\ntmarta.dll
0x00007ffe83a10000 - 0x00007ffe83aad000 	C:\Program Files\JetBrains\IntelliJ IDEA Community Edition 2020.2.3\jbr\bin\msvcp140.dll
0x00007ffe77340000 - 0x00007ffe77e0e000 	C:\Program Files\JetBrains\IntelliJ IDEA Community Edition 2020.2.3\jbr\bin\server\jvm.dll
0x00007ffec0180000 - 0x00007ffec0188000 	C:\WINDOWS\System32\PSAPI.DLL
0x00007ffe9f760000 - 0x00007ffe9f769000 	C:\WINDOWS\SYSTEM32\WSOCK32.dll
0x00007ffec0390000 - 0x00007ffec03ff000 	C:\WINDOWS\System32\WS2_32.dll
0x00007ffeb6370000 - 0x00007ffeb6394000 	C:\WINDOWS\SYSTEM32\WINMM.dll
0x00007ffeb6340000 - 0x00007ffeb636d000 	C:\WINDOWS\SYSTEM32\WINMMBASE.dll
0x0000022327d90000 - 0x0000022327dda000 	C:\WINDOWS\System32\cfgmgr32.dll
0x00007ffebe100000 - 0x00007ffebe111000 	C:\WINDOWS\System32\kernel.appcore.dll
0x00007ffea8260000 - 0x00007ffea8271000 	C:\Program Files\JetBrains\IntelliJ IDEA Community Edition 2020.2.3\jbr\bin\verify.dll
0x00007ffebc7a0000 - 0x00007ffebc994000 	C:\WINDOWS\SYSTEM32\DBGHELP.DLL
0x00007ffe9ec20000 - 0x00007ffe9ec4a000 	C:\WINDOWS\SYSTEM32\dbgcore.DLL
0x00007ffe9ec80000 - 0x00007ffe9eca9000 	C:\Program Files\JetBrains\IntelliJ IDEA Community Edition 2020.2.3\jbr\bin\java.dll
0x00007ffea9120000 - 0x00007ffea912b000 	C:\Program Files\JetBrains\IntelliJ IDEA Community Edition 2020.2.3\jbr\bin\jimage.dll
0x00007ffe9f990000 - 0x00007ffe9f9a8000 	C:\Program Files\JetBrains\IntelliJ IDEA Community Edition 2020.2.3\jbr\bin\zip.dll
0x00007ffebfa80000 - 0x00007ffec0168000 	C:\WINDOWS\System32\SHELL32.dll
0x0000022343130000 - 0x00000223431d7000 	C:\WINDOWS\System32\shcore.dll
0x00007ffebeaa0000 - 0x00007ffebf21b000 	C:\WINDOWS\System32\windows.storage.dll
0x00007ffebe0d0000 - 0x00007ffebe0f3000 	C:\WINDOWS\System32\profapi.dll
0x00007ffebe080000 - 0x00007ffebe0ca000 	C:\WINDOWS\System32\powrprof.dll
0x00007ffebe050000 - 0x00007ffebe060000 	C:\WINDOWS\System32\UMPDC.dll
0x00007ffec0690000 - 0x00007ffec06e2000 	C:\WINDOWS\System32\shlwapi.dll
0x00007ffebe2c0000 - 0x00007ffebe2d7000 	C:\WINDOWS\System32\cryptsp.dll
0x00007ffe9e000000 - 0x00007ffe9e01a000 	C:\Program Files\JetBrains\IntelliJ IDEA Community Edition 2020.2.3\jbr\bin\net.dll
0x00007ffeb6040000 - 0x00007ffeb6130000 	C:\WINDOWS\SYSTEM32\WINHTTP.dll
0x00007ffebd890000 - 0x00007ffebd8f7000 	C:\WINDOWS\system32\mswsock.dll
0x00007ffe9dfe0000 - 0x00007ffe9dff4000 	C:\Program Files\JetBrains\IntelliJ IDEA Community Edition 2020.2.3\jbr\bin\nio.dll
0x00007ffea8c10000 - 0x00007ffea8c1a000 	C:\Program Files\JetBrains\IntelliJ IDEA Community Edition 2020.2.3\jbr\bin\management.dll
0x00007ffea84a0000 - 0x00007ffea84ac000 	C:\Program Files\JetBrains\IntelliJ IDEA Community Edition 2020.2.3\jbr\bin\management_ext.dll
0x00007ffe859a0000 - 0x00007ffe859b6000 	C:\WINDOWS\system32\napinsp.dll
0x00007ffe84c20000 - 0x00007ffe84c3a000 	C:\WINDOWS\system32\pnrpnsp.dll
0x00007ffebd5e0000 - 0x00007ffebd6ab000 	C:\WINDOWS\SYSTEM32\DNSAPI.dll
0x00007ffec0170000 - 0x00007ffec0178000 	C:\WINDOWS\System32\NSI.dll
0x00007ffebd5a0000 - 0x00007ffebd5da000 	C:\WINDOWS\SYSTEM32\IPHLPAPI.DLL
0x00007ffea41d0000 - 0x00007ffea41de000 	C:\WINDOWS\System32\winrnr.dll
0x00007ffeb7190000 - 0x00007ffeb71ac000 	C:\WINDOWS\system32\NLAapi.dll
0x00007ffeb64d0000 - 0x00007ffeb64e5000 	C:\WINDOWS\system32\wshbth.dll
0x00007ffeb33e0000 - 0x00007ffeb33ea000 	C:\Windows\System32\rasadhlp.dll
0x00007ffeb1dd0000 - 0x00007ffeb1e47000 	C:\WINDOWS\System32\fwpuclnt.dll
0x00007ffebea10000 - 0x00007ffebea36000 	C:\WINDOWS\System32\bcrypt.dll
0x00007ffebd410000 - 0x00007ffebd443000 	C:\WINDOWS\system32\rsaenh.dll
0x00007ffebdf30000 - 0x00007ffebdf55000 	C:\WINDOWS\SYSTEM32\USERENV.dll
0x00007ffebda60000 - 0x00007ffebda6c000 	C:\WINDOWS\SYSTEM32\CRYPTBASE.dll
0x00007ffeb27e0000 - 0x00007ffeb27f6000 	C:\WINDOWS\SYSTEM32\dhcpcsvc6.DLL
0x00007ffeb27c0000 - 0x00007ffeb27dc000 	C:\WINDOWS\SYSTEM32\dhcpcsvc.DLL
0x00007ffe98ba0000 - 0x00007ffe98baa000 	C:\Program Files\JetBrains\IntelliJ IDEA Community Edition 2020.2.3\jbr\bin\attach.dll

dbghelp: loaded successfully - version: 4.0.5 - missing functions: none
symbol engine: initialized successfully - sym options: 0x614 - pdb path: .;C:\Program Files\JetBrains\IntelliJ IDEA Community Edition 2020.2.3\jbr\bin;C:\WINDOWS\SYSTEM32;C:\WINDOWS\WinSxS\amd64_microsoft.windows.common-controls_6595b64144ccf1df_6.0.18362.1316_none_9e7a364fe461dbd7;C:\Program Files (x86)\Citrix\ICA Client;C:\Program Files\JetBrains\IntelliJ IDEA Community Edition 2020.2.3\jbr\bin\server

VM Arguments:
java_command: C:\Users\dhira\AppData\Roaming\JetBrains\IdeaIC2020.2\plugins\idea-spring-tools\lib\server\language-server.jar
java_class_path (initial): C:\Users\dhira\AppData\Roaming\JetBrains\IdeaIC2020.2\plugins\idea-spring-tools\lib\server\language-server.jar
Launcher Type: SUN_STANDARD

[Global flags]
     intx CICompilerCount                          = 4                                         {product} {ergonomic}
     uint ConcGCThreads                            = 2                                         {product} {ergonomic}
     uint G1ConcRefinementThreads                  = 8                                         {product} {ergonomic}
   size_t G1HeapRegionSize                         = 1048576                                   {product} {ergonomic}
    uintx GCDrainStackTargetSize                   = 64                                        {product} {ergonomic}
   size_t InitialHeapSize                          = 132120576                                 {product} {ergonomic}
   size_t MarkStackSize                            = 4194304                                   {product} {ergonomic}
   size_t MaxHeapSize                              = 2109734912                                {product} {ergonomic}
   size_t MaxNewSize                               = 1265631232                                {product} {ergonomic}
   size_t MinHeapDeltaBytes                        = 1048576                                   {product} {ergonomic}
    uintx NonNMethodCodeHeapSize                   = 5836300                                {pd product} {ergonomic}
    uintx NonProfiledCodeHeapSize                  = 122910970                              {pd product} {ergonomic}
    uintx ProfiledCodeHeapSize                     = 122910970                              {pd product} {ergonomic}
    uintx ReservedCodeCacheSize                    = 251658240                              {pd product} {ergonomic}
     bool SegmentedCodeCache                       = true                                      {product} {ergonomic}
     bool UseCompressedClassPointers               = true                                 {lp64_product} {ergonomic}
     bool UseCompressedOops                        = true                                 {lp64_product} {ergonomic}
     bool UseG1GC                                  = true                                      {product} {ergonomic}
     bool UseLargePagesIndividualAllocation        = false                                  {pd product} {ergonomic}

Logging:
Log output configuration:
 #0: stdout all=warning uptime,level,tags
 #1: stderr all=off uptime,level,tags

Environment Variables:
PATH=C:\Program Files\Python37\Scripts\;C:\Program Files\Python37\;C:\Program Files (x86)\Intel\Intel(R) Management Engine Components\iCLS\;C:\Program Files\Intel\Intel(R) Management Engine Components\iCLS\;C:\Windows\system32;C:\Windows;C:\Windows\System32\Wbem;C:\Windows\System32\WindowsPowerShell\v1.0\;C:\Windows\System32\OpenSSH\;C:\Program Files (x86)\Intel\Intel(R) Management Engine Components\DAL;C:\Program Files\Intel\Intel(R) Management Engine Components\DAL;C:\Program Files\Intel\WiFi\bin\;C:\Program Files\Common Files\Intel\WirelessCommon\;C:\Program Files (x86)\NVIDIA Corporation\PhysX\Common;C:\Program Files\nodejs\;C:\Program Files\Java\jdk-13.0.1\bin;C:\Program Files\MongoDB\Server\4.2\bin;C:\Users\dhira\AppData\Roaming\npm;C:\Program Files\apache-maven-3.6.3\bin;C:\WINDOWS\system32;C:\WINDOWS;C:\WINDOWS\System32\Wbem;C:\WINDOWS\System32\WindowsPowerShell\v1.0\;C:\WINDOWS\System32\OpenSSH\;C:\Program Files\Amazon\AWSCLIV2\;C:\Program Files\Amazon\AWSSAMCLI\bin\;C:\Program Files\Git\cmd;C:\Program Files\MySQL\MySQL Shell 8.0\bin\;C:\Users\dhira\AppData\Local\Microsoft\WindowsApps;C:\Users\dhira\AppData\Local\Programs\Microsoft VS Code\bin;C:\Program Files\Java\jdk-13.0.1\bin;C:\Program Files\JetBrains\IntelliJ IDEA Community Edition 2020.2.3\bin;;C:\Program Files\MongoDB\Server\4.2\bin;C:\Program Files\apache-maven-3.6.3\bin;C:\Program Files\Docker Toolbox;C:\gradle-6.7.1\bin;
USERNAME=dhira
OS=Windows_NT
PROCESSOR_IDENTIFIER=Intel64 Family 6 Model 142 Stepping 11, GenuineIntel



---------------  S Y S T E M  ---------------

OS: Windows 10 , 64 bit Build 18362 (10.0.18362.1316)
OS uptime: 0 days 2:44 hours

CPU:total 8 (initial active 8) (4 cores per cpu, 2 threads per core) family 6 model 142 stepping 11, cmov, cx8, fxsr, mmx, sse, sse2, sse3, ssse3, sse4.1, sse4.2, popcnt, avx, avx2, aes, clmul, erms, 3dnowpref, lzcnt, ht, tsc, tscinvbit, bmi1, bmi2, adx, fma

Memory: 4k page, system-wide physical 8042M (408M free)
TotalPageFile size 13745M (AvailPageFile size 44M)
current process WorkingSet (physical memory assigned to process): 247M, peak: 272M
current process commit charge ("private bytes"): 308M, peak: 332M

vm_info: OpenJDK 64-Bit Server VM (11.0.9+11-b944.49) for windows-amd64 JRE (11.0.9+11-b944.49), built on Nov 21 2020 13:01:57 by "" with MS VC++ 14.0 (VS2015)

END.
